i:\mydirectx\mydirectxengine\mydirectxengine\intermediate\debug\mydirectxengine.pch
i:\mydirectx\mydirectxengine\mydirectxengine\intermediate\debug\vc143.pdb
i:\mydirectx\mydirectxengine\mydirectxengine\intermediate\debug\vc143.idb
i:\mydirectx\mydirectxengine\mydirectxengine\intermediate\debug\application.obj
i:\mydirectx\mydirectxengine\mydirectxengine\intermediate\debug\winmain.obj
i:\mydirectx\mydirectxengine\mydirectxengine\intermediate\debug\pch.obj
i:\mydirectx\mydirectxengine\mydirectxengine\intermediate\debug\mydirectxengine.res
i:\mydirectx\mydirectxengine\\build\mydirectxengine\debug\mydirectxengine.pdb
i:\mydirectx\mydirectxengine\\mydirectxengine\intermediate\debug\mydirectxengine.vcxproj.filelistabsolute.txt
i:\mydirectx\mydirectxengine\mydirectxengine\intermediate\debug\mydirectxengine.tlog\cl.command.1.tlog
i:\mydirectx\mydirectxengine\mydirectxengine\intermediate\debug\mydirectxengine.tlog\cl.read.1.tlog
i:\mydirectx\mydirectxengine\mydirectxengine\intermediate\debug\mydirectxengine.tlog\cl.write.1.tlog
i:\mydirectx\mydirectxengine\mydirectxengine\intermediate\debug\mydirectxengine.tlog\link-cvtres.read.1.tlog
i:\mydirectx\mydirectxengine\mydirectxengine\intermediate\debug\mydirectxengine.tlog\link-cvtres.write.1.tlog
i:\mydirectx\mydirectxengine\mydirectxengine\intermediate\debug\mydirectxengine.tlog\link-rc.read.1.tlog
i:\mydirectx\mydirectxengine\mydirectxengine\intermediate\debug\mydirectxengine.tlog\link-rc.write.1.tlog
i:\mydirectx\mydirectxengine\mydirectxengine\intermediate\debug\mydirectxengine.tlog\link.command.1.tlog
i:\mydirectx\mydirectxengine\mydirectxengine\intermediate\debug\mydirectxengine.tlog\link.read.1.tlog
i:\mydirectx\mydirectxengine\mydirectxengine\intermediate\debug\mydirectxengine.tlog\link.read.2.tlog
i:\mydirectx\mydirectxengine\mydirectxengine\intermediate\debug\mydirectxengine.tlog\link.read.3.tlog
i:\mydirectx\mydirectxengine\mydirectxengine\intermediate\debug\mydirectxengine.tlog\link.read.4.tlog
i:\mydirectx\mydirectxengine\mydirectxengine\intermediate\debug\mydirectxengine.tlog\link.read.6.tlog
i:\mydirectx\mydirectxengine\mydirectxengine\intermediate\debug\mydirectxengine.tlog\link.read.7.tlog
i:\mydirectx\mydirectxengine\mydirectxengine\intermediate\debug\mydirectxengine.tlog\link.write.1.tlog
i:\mydirectx\mydirectxengine\mydirectxengine\intermediate\debug\mydirectxengine.tlog\rc.command.1.tlog
i:\mydirectx\mydirectxengine\mydirectxengine\intermediate\debug\mydirectxengine.tlog\rc.read.1.tlog
i:\mydirectx\mydirectxengine\mydirectxengine\intermediate\debug\mydirectxengine.tlog\rc.write.1.tlog
